{"timestamp":"2026-01-26 18:14:06","level":"info","message":"Initializing services...","service":"vyapar-mitra-api","version":"1.0.0"}
{"timestamp":"2026-01-26 18:14:27","level":"info","message":"Initializing services...","service":"vyapar-mitra-api","version":"1.0.0"}
{"timestamp":"2026-01-26 18:14:38","level":"info","message":"Initializing services...","service":"vyapar-mitra-api","version":"1.0.0"}
{"timestamp":"2026-01-26 18:14:49","level":"info","message":"Initializing services...","service":"vyapar-mitra-api","version":"1.0.0"}
{"timestamp":"2026-01-26 18:14:56","level":"info","message":"Initializing services...","service":"vyapar-mitra-api","version":"1.0.0"}
{"timestamp":"2026-01-26 18:15:04","level":"info","message":"Initializing services...","service":"vyapar-mitra-api","version":"1.0.0"}
{"timestamp":"2026-01-26 18:15:12","level":"info","message":"Initializing services...","service":"vyapar-mitra-api","version":"1.0.0"}
{"timestamp":"2026-01-26 18:15:21","level":"info","message":"Initializing services...","service":"vyapar-mitra-api","version":"1.0.0"}
{"timestamp":"2026-01-26 18:18:28","level":"info","message":"Initializing services...","service":"vyapar-mitra-api","version":"1.0.0"}
{"timestamp":"2026-01-26 18:18:50","level":"info","message":"Initializing services...","service":"vyapar-mitra-api","version":"1.0.0"}
{"timestamp":"2026-01-26 18:19:04","level":"info","message":"Initializing services...","service":"vyapar-mitra-api","version":"1.0.0"}
{"timestamp":"2026-01-26 18:19:14","level":"info","message":"Initializing services...","service":"vyapar-mitra-api","version":"1.0.0"}
{"timestamp":"2026-01-26 18:19:17","level":"info","message":"Initializing services...","service":"vyapar-mitra-api","version":"1.0.0"}
{"timestamp":"2026-01-26 18:19:29","level":"info","message":"Initializing services...","service":"vyapar-mitra-api","version":"1.0.0"}
{"timestamp":"2026-01-26 18:19:29","level":"info","message":"Initializing services...","service":"vyapar-mitra-api","version":"1.0.0"}
{"timestamp":"2026-01-26 18:19:43","level":"info","message":"Initializing services...","service":"vyapar-mitra-api","version":"1.0.0"}
{"timestamp":"2026-01-26 18:19:43","level":"info","message":"Initializing services...","service":"vyapar-mitra-api","version":"1.0.0"}
{"timestamp":"2026-01-26 18:24:32","level":"info","message":"Initializing services...","service":"vyapar-mitra-api","version":"1.0.0"}
{"timestamp":"2026-01-26 18:26:20","level":"info","message":"Initializing services...","service":"vyapar-mitra-api","version":"1.0.0"}
{"timestamp":"2026-01-26 18:40:51","level":"info","message":"Initializing services...","service":"vyapar-mitra-api","version":"1.0.0"}
{"timestamp":"2026-01-26 18:43:11","level":"info","message":"Initializing services...","service":"vyapar-mitra-api","version":"1.0.0"}
{"timestamp":"2026-01-26 18:46:09","level":"error","message":"Service initialization failed","service":"vyapar-mitra-api","version":"1.0.0","error":"SASL: SCRAM-SERVER-FIRST-MESSAGE: client password must be a string"}
{"timestamp":"2026-01-26 18:48:20","level":"info","message":"Initializing services...","service":"vyapar-mitra-api","version":"1.0.0"}
{"timestamp":"2026-01-26 18:48:20","level":"error","message":"Service initialization failed","service":"vyapar-mitra-api","version":"1.0.0","error":"SASL: SCRAM-SERVER-FIRST-MESSAGE: client password must be a string"}
{"timestamp":"2026-01-26 18:48:32","level":"info","message":"Initializing services...","service":"vyapar-mitra-api","version":"1.0.0"}
{"timestamp":"2026-01-26 18:48:32","level":"error","message":"Service initialization failed","service":"vyapar-mitra-api","version":"1.0.0","error":"database \"vyapar_mitra_dev\" does not exist"}
{"timestamp":"2026-01-26 18:49:10","level":"info","message":"Initializing services...","service":"vyapar-mitra-api","version":"1.0.0"}
{"timestamp":"2026-01-26 18:49:11","level":"info","message":"Image storage directories initialized","service":"vyapar-mitra-api","version":"1.0.0","uploadDir":"./uploads","thumbnailDir":"uploads\\thumbnails"}
{"timestamp":"2026-01-26 18:49:11","level":"info","message":"All services initialized successfully","service":"vyapar-mitra-api","version":"1.0.0"}
{"timestamp":"2026-01-26 18:49:11","level":"info","message":"Server started successfully","service":"vyapar-mitra-api","version":"1.0.0","port":4000,"environment":"development"}
{"timestamp":"2026-01-26 18:50:51","level":"info","message":"Initializing services...","service":"vyapar-mitra-api","version":"1.0.0"}
{"timestamp":"2026-01-26 18:50:51","level":"info","message":"Image storage directories initialized","service":"vyapar-mitra-api","version":"1.0.0","uploadDir":"./uploads","thumbnailDir":"uploads\\thumbnails"}
{"timestamp":"2026-01-26 18:51:12","level":"info","message":"Received SIGINT, starting graceful shutdown...","service":"vyapar-mitra-api","version":"1.0.0"}
{"timestamp":"2026-01-26 18:51:19","level":"info","message":"Initializing services...","service":"vyapar-mitra-api","version":"1.0.0"}
{"timestamp":"2026-01-26 18:51:19","level":"info","message":"Image storage directories initialized","service":"vyapar-mitra-api","version":"1.0.0","uploadDir":"./uploads","thumbnailDir":"uploads\\thumbnails"}
{"timestamp":"2026-01-26 18:51:19","level":"info","message":"All services initialized successfully","service":"vyapar-mitra-api","version":"1.0.0"}
{"timestamp":"2026-01-26 18:51:19","level":"info","message":"Server started successfully","service":"vyapar-mitra-api","version":"1.0.0","port":4000,"environment":"development"}
{"timestamp":"2026-01-26 18:54:35","level":"info","message":"Received SIGINT, starting graceful shutdown...","service":"vyapar-mitra-api","version":"1.0.0"}
{"timestamp":"2026-01-26 19:02:50","level":"info","message":"Image storage directories initialized","service":"vyapar-mitra-api","version":"1.0.0","uploadDir":"./uploads","thumbnailDir":"uploads\\thumbnails"}
{"timestamp":"2026-01-26 19:02:50","level":"info","message":"Image storage directories initialized","service":"vyapar-mitra-api","version":"1.0.0","uploadDir":"./uploads","thumbnailDir":"uploads\\thumbnails"}
{"timestamp":"2026-01-26 19:02:50","level":"info","message":"Image storage directories initialized","service":"vyapar-mitra-api","version":"1.0.0","uploadDir":"./uploads","thumbnailDir":"uploads\\thumbnails"}
{"timestamp":"2026-01-26 19:02:50","level":"info","message":"Image storage directories initialized","service":"vyapar-mitra-api","version":"1.0.0","uploadDir":"./uploads","thumbnailDir":"uploads\\thumbnails"}
{"timestamp":"2026-01-26 19:03:20","level":"info","message":"Image storage directories initialized","service":"vyapar-mitra-api","version":"1.0.0","uploadDir":"./uploads","thumbnailDir":"uploads\\thumbnails"}
{"timestamp":"2026-01-26 19:06:30","level":"info","message":"Image storage directories initialized","service":"vyapar-mitra-api","version":"1.0.0","uploadDir":"./uploads","thumbnailDir":"uploads\\thumbnails"}
{"timestamp":"2026-01-26 19:08:44","level":"info","message":"Image storage directories initialized","service":"vyapar-mitra-api","version":"1.0.0","uploadDir":"./uploads","thumbnailDir":"uploads\\thumbnails"}
{"timestamp":"2026-01-26 19:08:44","level":"info","message":"Image storage directories initialized","service":"vyapar-mitra-api","version":"1.0.0","uploadDir":"./uploads","thumbnailDir":"uploads\\thumbnails"}
{"timestamp":"2026-01-26 19:08:44","level":"info","message":"Image storage directories initialized","service":"vyapar-mitra-api","version":"1.0.0","uploadDir":"./uploads","thumbnailDir":"uploads\\thumbnails"}
{"timestamp":"2026-01-26 19:08:44","level":"info","message":"Image storage directories initialized","service":"vyapar-mitra-api","version":"1.0.0","uploadDir":"./uploads","thumbnailDir":"uploads\\thumbnails"}
{"timestamp":"2026-01-26 19:08:44","level":"info","message":"Image storage directories initialized","service":"vyapar-mitra-api","version":"1.0.0","uploadDir":"./uploads","thumbnailDir":"uploads\\thumbnails"}
{"timestamp":"2026-01-26 19:09:10","level":"info","message":"Image storage directories initialized","service":"vyapar-mitra-api","version":"1.0.0","uploadDir":"./uploads","thumbnailDir":"uploads\\thumbnails"}
{"timestamp":"2026-01-26 19:09:10","level":"info","message":"Image storage directories initialized","service":"vyapar-mitra-api","version":"1.0.0","uploadDir":"./uploads","thumbnailDir":"uploads\\thumbnails"}
{"timestamp":"2026-01-26 19:09:10","level":"info","message":"Image storage directories initialized","service":"vyapar-mitra-api","version":"1.0.0","uploadDir":"./uploads","thumbnailDir":"uploads\\thumbnails"}
{"timestamp":"2026-01-26 19:09:10","level":"info","message":"Image storage directories initialized","service":"vyapar-mitra-api","version":"1.0.0","uploadDir":"./uploads","thumbnailDir":"uploads\\thumbnails"}
{"timestamp":"2026-01-26 19:09:11","level":"info","message":"Image storage directories initialized","service":"vyapar-mitra-api","version":"1.0.0","uploadDir":"./uploads","thumbnailDir":"uploads\\thumbnails"}
{"timestamp":"2026-01-26 19:09:56","level":"info","message":"Image storage directories initialized","service":"vyapar-mitra-api","version":"1.0.0","uploadDir":"./uploads","thumbnailDir":"uploads\\thumbnails"}
{"timestamp":"2026-01-26 19:09:57","level":"info","message":"Image storage directories initialized","service":"vyapar-mitra-api","version":"1.0.0","uploadDir":"./uploads","thumbnailDir":"uploads\\thumbnails"}
{"timestamp":"2026-01-26 19:09:57","level":"info","message":"Image storage directories initialized","service":"vyapar-mitra-api","version":"1.0.0","uploadDir":"./uploads","thumbnailDir":"uploads\\thumbnails"}
{"timestamp":"2026-01-26 19:09:57","level":"info","message":"Image storage directories initialized","service":"vyapar-mitra-api","version":"1.0.0","uploadDir":"./uploads","thumbnailDir":"uploads\\thumbnails"}
{"timestamp":"2026-01-26 19:10:39","level":"info","message":"Image storage directories initialized","service":"vyapar-mitra-api","version":"1.0.0","uploadDir":"./uploads","thumbnailDir":"uploads\\thumbnails"}
{"timestamp":"2026-01-26 19:10:39","level":"info","message":"Image storage directories initialized","service":"vyapar-mitra-api","version":"1.0.0","uploadDir":"./uploads","thumbnailDir":"uploads\\thumbnails"}
{"timestamp":"2026-01-26 19:10:39","level":"info","message":"Image storage directories initialized","service":"vyapar-mitra-api","version":"1.0.0","uploadDir":"./uploads","thumbnailDir":"uploads\\thumbnails"}
{"timestamp":"2026-01-26 19:10:40","level":"info","message":"Image storage directories initialized","service":"vyapar-mitra-api","version":"1.0.0","uploadDir":"./uploads","thumbnailDir":"uploads\\thumbnails"}
{"timestamp":"2026-01-26 19:11:06","level":"info","message":"Image storage directories initialized","service":"vyapar-mitra-api","version":"1.0.0","uploadDir":"./uploads","thumbnailDir":"uploads\\thumbnails"}
{"timestamp":"2026-01-26 19:11:06","level":"info","message":"Image storage directories initialized","service":"vyapar-mitra-api","version":"1.0.0","uploadDir":"./uploads","thumbnailDir":"uploads\\thumbnails"}
{"timestamp":"2026-01-26 19:11:07","level":"info","message":"Image storage directories initialized","service":"vyapar-mitra-api","version":"1.0.0","uploadDir":"./uploads","thumbnailDir":"uploads\\thumbnails"}
{"timestamp":"2026-01-26 19:11:07","level":"info","message":"Image storage directories initialized","service":"vyapar-mitra-api","version":"1.0.0","uploadDir":"./uploads","thumbnailDir":"uploads\\thumbnails"}
{"timestamp":"2026-01-26 19:14:15","level":"info","message":"Image storage directories initialized","service":"vyapar-mitra-api","version":"1.0.0","uploadDir":"./uploads","thumbnailDir":"uploads\\thumbnails"}
{"timestamp":"2026-01-26 19:14:15","level":"info","message":"Image storage directories initialized","service":"vyapar-mitra-api","version":"1.0.0","uploadDir":"./uploads","thumbnailDir":"uploads\\thumbnails"}
{"timestamp":"2026-01-26 19:14:16","level":"info","message":"Image storage directories initialized","service":"vyapar-mitra-api","version":"1.0.0","uploadDir":"./uploads","thumbnailDir":"uploads\\thumbnails"}
{"timestamp":"2026-01-26 19:14:16","level":"info","message":"Image storage directories initialized","service":"vyapar-mitra-api","version":"1.0.0","uploadDir":"./uploads","thumbnailDir":"uploads\\thumbnails"}
{"timestamp":"2026-01-26 19:15:14","level":"info","message":"Image storage directories initialized","service":"vyapar-mitra-api","version":"1.0.0","uploadDir":"./uploads","thumbnailDir":"uploads\\thumbnails"}
{"timestamp":"2026-01-26 19:15:51","level":"info","message":"Image storage directories initialized","service":"vyapar-mitra-api","version":"1.0.0","uploadDir":"./uploads","thumbnailDir":"uploads\\thumbnails"}
{"timestamp":"2026-01-26 19:16:51","level":"info","message":"Image storage directories initialized","service":"vyapar-mitra-api","version":"1.0.0","uploadDir":"./uploads","thumbnailDir":"uploads\\thumbnails"}
{"timestamp":"2026-01-26 19:17:51","level":"info","message":"Image storage directories initialized","service":"vyapar-mitra-api","version":"1.0.0","uploadDir":"./uploads","thumbnailDir":"uploads\\thumbnails"}
{"timestamp":"2026-01-26 19:19:48","level":"info","message":"Image storage directories initialized","service":"vyapar-mitra-api","version":"1.0.0","uploadDir":"./uploads","thumbnailDir":"uploads\\thumbnails"}
{"timestamp":"2026-01-26 19:22:55","level":"info","message":"Image storage directories initialized","service":"vyapar-mitra-api","version":"1.0.0","uploadDir":"./uploads","thumbnailDir":"uploads\\thumbnails"}
{"timestamp":"2026-01-26 19:23:13","level":"info","message":"Image storage directories initialized","service":"vyapar-mitra-api","version":"1.0.0","uploadDir":"./uploads","thumbnailDir":"uploads\\thumbnails"}
{"timestamp":"2026-01-26 19:24:21","level":"info","message":"Image storage directories initialized","service":"vyapar-mitra-api","version":"1.0.0","uploadDir":"./uploads","thumbnailDir":"uploads\\thumbnails"}
{"timestamp":"2026-01-26 19:25:59","level":"info","message":"Image storage directories initialized","service":"vyapar-mitra-api","version":"1.0.0","uploadDir":"./uploads","thumbnailDir":"uploads\\thumbnails"}
{"timestamp":"2026-01-26 19:27:19","level":"info","message":"Image storage directories initialized","service":"vyapar-mitra-api","version":"1.0.0","uploadDir":"./uploads","thumbnailDir":"uploads\\thumbnails"}
{"timestamp":"2026-01-26 19:30:50","level":"info","message":"Image storage directories initialized","service":"vyapar-mitra-api","version":"1.0.0","uploadDir":"./uploads","thumbnailDir":"uploads\\thumbnails"}
{"timestamp":"2026-01-26 19:31:04","level":"info","message":"Image storage directories initialized","service":"vyapar-mitra-api","version":"1.0.0","uploadDir":"./uploads","thumbnailDir":"uploads\\thumbnails"}
{"timestamp":"2026-01-26 19:35:58","level":"info","message":"Image storage directories initialized","service":"vyapar-mitra-api","version":"1.0.0","uploadDir":"./uploads","thumbnailDir":"uploads\\thumbnails"}
{"timestamp":"2026-01-26 19:37:00","level":"info","message":"Image storage directories initialized","service":"vyapar-mitra-api","version":"1.0.0","uploadDir":"./uploads","thumbnailDir":"uploads\\thumbnails"}
{"timestamp":"2026-01-26 19:39:23","level":"info","message":"Image storage directories initialized","service":"vyapar-mitra-api","version":"1.0.0","uploadDir":"./uploads","thumbnailDir":"uploads\\thumbnails"}
{"timestamp":"2026-01-26 19:40:30","level":"info","message":"Image storage directories initialized","service":"vyapar-mitra-api","version":"1.0.0","uploadDir":"./uploads","thumbnailDir":"uploads\\thumbnails"}
{"timestamp":"2026-01-26 19:49:03","level":"info","message":"Image storage directories initialized","service":"vyapar-mitra-api","version":"1.0.0","uploadDir":"./uploads","thumbnailDir":"uploads\\thumbnails"}
{"timestamp":"2026-01-26 19:50:58","level":"info","message":"Image storage directories initialized","service":"vyapar-mitra-api","version":"1.0.0","uploadDir":"./uploads","thumbnailDir":"uploads\\thumbnails"}
{"timestamp":"2026-01-26 19:53:31","level":"info","message":"Image storage directories initialized","service":"vyapar-mitra-api","version":"1.0.0","uploadDir":"./uploads","thumbnailDir":"uploads\\thumbnails"}
{"timestamp":"2026-01-26 19:55:18","level":"info","message":"Image storage directories initialized","service":"vyapar-mitra-api","version":"1.0.0","uploadDir":"./uploads","thumbnailDir":"uploads\\thumbnails"}
{"timestamp":"2026-01-26 19:57:44","level":"info","message":"Image storage directories initialized","service":"vyapar-mitra-api","version":"1.0.0","uploadDir":"./uploads","thumbnailDir":"uploads\\thumbnails"}
{"timestamp":"2026-01-26 19:58:58","level":"info","message":"Image storage directories initialized","service":"vyapar-mitra-api","version":"1.0.0","uploadDir":"./uploads","thumbnailDir":"uploads\\thumbnails"}
{"timestamp":"2026-01-26 20:03:06","level":"info","message":"Image storage directories initialized","service":"vyapar-mitra-api","version":"1.0.0","uploadDir":"./uploads","thumbnailDir":"uploads\\thumbnails"}
{"timestamp":"2026-01-26 20:06:34","level":"info","message":"Image storage directories initialized","service":"vyapar-mitra-api","version":"1.0.0","uploadDir":"./uploads","thumbnailDir":"uploads\\thumbnails"}
{"timestamp":"2026-01-26 20:06:34","level":"info","message":"Image storage directories initialized","service":"vyapar-mitra-api","version":"1.0.0","uploadDir":"./uploads","thumbnailDir":"uploads\\thumbnails"}
{"timestamp":"2026-01-26 20:06:58","level":"info","message":"Image storage directories initialized","service":"vyapar-mitra-api","version":"1.0.0","uploadDir":"./uploads","thumbnailDir":"uploads\\thumbnails"}
{"timestamp":"2026-01-26 20:08:00","level":"info","message":"Image storage directories initialized","service":"vyapar-mitra-api","version":"1.0.0","uploadDir":"./uploads","thumbnailDir":"uploads\\thumbnails"}
{"timestamp":"2026-01-26 20:11:55","level":"info","message":"Image storage directories initialized","service":"vyapar-mitra-api","version":"1.0.0","uploadDir":"./uploads","thumbnailDir":"uploads\\thumbnails"}
{"timestamp":"2026-01-26 20:27:40","level":"info","message":"Image storage directories initialized","service":"vyapar-mitra-api","version":"1.0.0","uploadDir":"./uploads","thumbnailDir":"uploads\\thumbnails"}
{"timestamp":"2026-01-26 20:29:09","level":"info","message":"Image storage directories initialized","service":"vyapar-mitra-api","version":"1.0.0","uploadDir":"./uploads","thumbnailDir":"uploads\\thumbnails"}
{"timestamp":"2026-01-26 20:40:46","level":"info","message":"Image storage directories initialized","service":"vyapar-mitra-api","version":"1.0.0","uploadDir":"./uploads","thumbnailDir":"uploads\\thumbnails"}
{"timestamp":"2026-01-26 20:51:07","level":"info","message":"Authentication successful","service":"vyapar-mitra-api","version":"1.0.0","event":"auth_success","userId":"69778663fa86a851b53cd2a5","userType":"customer","ip":"::1"}
{"timestamp":"2026-01-26 21:17:41","level":"info","message":"Image storage directories initialized","service":"vyapar-mitra-api","version":"1.0.0","uploadDir":"./uploads","thumbnailDir":"uploads\\thumbnails"}
{"timestamp":"2026-01-26 21:23:41","level":"info","message":"Image storage directories initialized","service":"vyapar-mitra-api","version":"1.0.0","uploadDir":"./uploads","thumbnailDir":"uploads\\thumbnails"}
{"timestamp":"2026-01-26 21:26:12","level":"info","message":"Image storage directories initialized","service":"vyapar-mitra-api","version":"1.0.0","uploadDir":"./uploads","thumbnailDir":"uploads\\thumbnails"}
{"timestamp":"2026-01-26 21:28:21","level":"info","message":"Image storage directories initialized","service":"vyapar-mitra-api","version":"1.0.0","uploadDir":"./uploads","thumbnailDir":"uploads\\thumbnails"}
{"timestamp":"2026-01-26 21:41:21","level":"info","message":"Image storage directories initialized","service":"vyapar-mitra-api","version":"1.0.0","uploadDir":"./uploads","thumbnailDir":"uploads\\thumbnails"}
{"timestamp":"2026-01-26 21:42:29","level":"info","message":"Image storage directories initialized","service":"vyapar-mitra-api","version":"1.0.0","uploadDir":"./uploads","thumbnailDir":"uploads\\thumbnails"}
{"timestamp":"2026-01-26 21:46:54","level":"info","message":"Image storage directories initialized","service":"vyapar-mitra-api","version":"1.0.0","uploadDir":"./uploads","thumbnailDir":"uploads\\thumbnails"}
{"timestamp":"2026-01-26 21:49:25","level":"info","message":"Image storage directories initialized","service":"vyapar-mitra-api","version":"1.0.0","uploadDir":"./uploads","thumbnailDir":"uploads\\thumbnails"}
{"timestamp":"2026-01-26 21:55:09","level":"info","message":"Image storage directories initialized","service":"vyapar-mitra-api","version":"1.0.0","uploadDir":"./uploads","thumbnailDir":"uploads\\thumbnails"}
{"timestamp":"2026-01-26 22:02:17","level":"warn","message":"Authentication failed","service":"vyapar-mitra-api","version":"1.0.0","event":"auth_failure","reason":"User not found","ip":"::1","userAgent":"Mozilla/5.0 (Windows NT 10.0; Win64; x64) AppleWebKit/537.36 (KHTML, like Gecko) Chrome/144.0.0.0 Safari/537.36 Edg/144.0.0.0"}
{"timestamp":"2026-01-26 22:02:45","level":"warn","message":"Authentication failed","service":"vyapar-mitra-api","version":"1.0.0","event":"auth_failure","reason":"User not found","ip":"::1","userAgent":"Mozilla/5.0 (Windows NT 10.0; Win64; x64) AppleWebKit/537.36 (KHTML, like Gecko) Chrome/144.0.0.0 Safari/537.36 Edg/144.0.0.0"}
{"timestamp":"2026-01-26 22:02:56","level":"warn","message":"Authentication failed","service":"vyapar-mitra-api","version":"1.0.0","event":"auth_failure","reason":"User not found","ip":"::1","userAgent":"Mozilla/5.0 (Windows NT 10.0; Win64; x64) AppleWebKit/537.36 (KHTML, like Gecko) Chrome/144.0.0.0 Safari/537.36 Edg/144.0.0.0"}
{"timestamp":"2026-01-26 22:04:02","level":"warn","message":"Authentication failed","service":"vyapar-mitra-api","version":"1.0.0","event":"auth_failure","reason":"User not found","ip":"::1","userAgent":"Mozilla/5.0 (Windows NT 10.0; Win64; x64) AppleWebKit/537.36 (KHTML, like Gecko) Chrome/144.0.0.0 Safari/537.36 Edg/144.0.0.0"}
{"timestamp":"2026-01-26 22:04:03","level":"warn","message":"Authentication failed","service":"vyapar-mitra-api","version":"1.0.0","event":"auth_failure","reason":"User not found","ip":"::1","userAgent":"Mozilla/5.0 (Windows NT 10.0; Win64; x64) AppleWebKit/537.36 (KHTML, like Gecko) Chrome/144.0.0.0 Safari/537.36 Edg/144.0.0.0"}
{"timestamp":"2026-01-26 22:04:04","level":"warn","message":"Authentication failed","service":"vyapar-mitra-api","version":"1.0.0","event":"auth_failure","reason":"User not found","ip":"::1","userAgent":"Mozilla/5.0 (Windows NT 10.0; Win64; x64) AppleWebKit/537.36 (KHTML, like Gecko) Chrome/144.0.0.0 Safari/537.36 Edg/144.0.0.0"}
{"timestamp":"2026-01-26 22:04:10","level":"warn","message":"Authentication failed","service":"vyapar-mitra-api","version":"1.0.0","event":"auth_failure","reason":"User not found","ip":"::1","userAgent":"Mozilla/5.0 (Windows NT 10.0; Win64; x64) AppleWebKit/537.36 (KHTML, like Gecko) Chrome/144.0.0.0 Safari/537.36 Edg/144.0.0.0"}
{"timestamp":"2026-01-26 22:04:17","level":"warn","message":"Authentication failed","service":"vyapar-mitra-api","version":"1.0.0","event":"auth_failure","reason":"User not found","ip":"::1","userAgent":"Mozilla/5.0 (Windows NT 10.0; Win64; x64) AppleWebKit/537.36 (KHTML, like Gecko) Chrome/144.0.0.0 Safari/537.36 Edg/144.0.0.0"}
{"timestamp":"2026-01-26 22:07:42","level":"info","message":"Image storage directories initialized","service":"vyapar-mitra-api","version":"1.0.0","uploadDir":"./uploads","thumbnailDir":"uploads\\thumbnails"}
{"timestamp":"2026-01-26 22:18:55","level":"info","message":"Image storage directories initialized","service":"vyapar-mitra-api","version":"1.0.0","uploadDir":"./uploads","thumbnailDir":"uploads\\thumbnails"}
{"timestamp":"2026-01-26 22:23:00","level":"info","message":"Image storage directories initialized","service":"vyapar-mitra-api","version":"1.0.0","uploadDir":"./uploads","thumbnailDir":"uploads\\thumbnails"}
{"timestamp":"2026-01-26 22:23:00","level":"info","message":"Image storage directories initialized","service":"vyapar-mitra-api","version":"1.0.0","uploadDir":"./uploads","thumbnailDir":"uploads\\thumbnails"}
{"timestamp":"2026-01-26 22:23:00","level":"info","message":"Image storage directories initialized","service":"vyapar-mitra-api","version":"1.0.0","uploadDir":"./uploads","thumbnailDir":"uploads\\thumbnails"}
{"timestamp":"2026-01-26 22:23:00","level":"info","message":"Image storage directories initialized","service":"vyapar-mitra-api","version":"1.0.0","uploadDir":"./uploads","thumbnailDir":"uploads\\thumbnails"}
{"timestamp":"2026-01-26 22:23:01","level":"info","message":"Image storage directories initialized","service":"vyapar-mitra-api","version":"1.0.0","uploadDir":"./uploads","thumbnailDir":"uploads\\thumbnails"}
{"timestamp":"2026-01-26 22:23:01","level":"info","message":"Image storage directories initialized","service":"vyapar-mitra-api","version":"1.0.0","uploadDir":"./uploads","thumbnailDir":"uploads\\thumbnails"}
{"timestamp":"2026-01-26 22:23:39","level":"warn","message":"Authentication failed","service":"vyapar-mitra-api","version":"1.0.0","event":"auth_failure","reason":"User not found","ip":"::1","userAgent":"Mozilla/5.0 (Windows NT 10.0; Win64; x64) AppleWebKit/537.36 (KHTML, like Gecko) Chrome/144.0.0.0 Safari/537.36 Edg/144.0.0.0"}
{"timestamp":"2026-01-26 22:23:47","level":"warn","message":"Authentication failed","service":"vyapar-mitra-api","version":"1.0.0","event":"auth_failure","reason":"User not found","ip":"::1","userAgent":"Mozilla/5.0 (Windows NT 10.0; Win64; x64) AppleWebKit/537.36 (KHTML, like Gecko) Chrome/144.0.0.0 Safari/537.36 Edg/144.0.0.0"}
{"timestamp":"2026-01-26 22:24:30","level":"info","message":"Image storage directories initialized","service":"vyapar-mitra-api","version":"1.0.0","uploadDir":"./uploads","thumbnailDir":"uploads\\thumbnails"}
{"timestamp":"2026-01-26 22:25:45","level":"info","message":"Image storage directories initialized","service":"vyapar-mitra-api","version":"1.0.0","uploadDir":"./uploads","thumbnailDir":"uploads\\thumbnails"}
{"timestamp":"2026-01-26 22:26:02","level":"warn","message":"Authentication failed","service":"vyapar-mitra-api","version":"1.0.0","event":"auth_failure","reason":"User not found","ip":"::1","userAgent":"Mozilla/5.0 (Windows NT 10.0; Win64; x64) AppleWebKit/537.36 (KHTML, like Gecko) Chrome/144.0.0.0 Safari/537.36 Edg/144.0.0.0"}
{"timestamp":"2026-01-26 22:26:22","level":"warn","message":"Authentication failed","service":"vyapar-mitra-api","version":"1.0.0","event":"auth_failure","reason":"User not found","ip":"::1","userAgent":"Mozilla/5.0 (Windows NT 10.0; Win64; x64) AppleWebKit/537.36 (KHTML, like Gecko) Chrome/144.0.0.0 Safari/537.36 Edg/144.0.0.0"}
{"timestamp":"2026-01-26 22:27:25","level":"info","message":"Authentication successful","service":"vyapar-mitra-api","version":"1.0.0","event":"auth_success","userId":"69779cf56eb499790f74422f","userType":"customer","ip":"::1"}
{"timestamp":"2026-01-26 22:52:10","level":"info","message":"Image storage directories initialized","service":"vyapar-mitra-api","version":"1.0.0","uploadDir":"./uploads","thumbnailDir":"uploads\\thumbnails"}
{"timestamp":"2026-01-26 23:00:48","level":"info","message":"Authentication successful","service":"vyapar-mitra-api","version":"1.0.0","event":"auth_success","userId":"6977a4c81a0d0beba0f777b4","userType":"customer","ip":"::1"}
{"timestamp":"2026-01-26 23:01:09","level":"warn","message":"Authentication failed","service":"vyapar-mitra-api","version":"1.0.0","event":"auth_failure","reason":"User not found","ip":"::1","userAgent":"Mozilla/5.0 (Windows NT 10.0; Win64; x64) AppleWebKit/537.36 (KHTML, like Gecko) Chrome/144.0.0.0 Safari/537.36 Edg/144.0.0.0"}
{"timestamp":"2026-01-26 23:01:10","level":"warn","message":"Authentication failed","service":"vyapar-mitra-api","version":"1.0.0","event":"auth_failure","reason":"User not found","ip":"::1","userAgent":"Mozilla/5.0 (Windows NT 10.0; Win64; x64) AppleWebKit/537.36 (KHTML, like Gecko) Chrome/144.0.0.0 Safari/537.36 Edg/144.0.0.0"}
{"timestamp":"2026-01-26 23:01:21","level":"warn","message":"Authentication failed","service":"vyapar-mitra-api","version":"1.0.0","event":"auth_failure","reason":"User not found","ip":"::1","userAgent":"Mozilla/5.0 (Windows NT 10.0; Win64; x64) AppleWebKit/537.36 (KHTML, like Gecko) Chrome/144.0.0.0 Safari/537.36 Edg/144.0.0.0"}
{"timestamp":"2026-01-26 23:02:12","level":"info","message":"Authentication successful","service":"vyapar-mitra-api","version":"1.0.0","event":"auth_success","userId":"6977a51c1a0d0beba0f777bc","userType":"vendor","ip":"::1"}
{"timestamp":"2026-01-26 23:14:16","level":"info","message":"Image storage directories initialized","service":"vyapar-mitra-api","version":"1.0.0","uploadDir":"./uploads","thumbnailDir":"uploads\\thumbnails"}
{"timestamp":"2026-01-26 23:14:16","level":"info","message":"Image storage directories initialized","service":"vyapar-mitra-api","version":"1.0.0","uploadDir":"./uploads","thumbnailDir":"uploads\\thumbnails"}
{"timestamp":"2026-01-26 23:14:16","level":"info","message":"Image storage directories initialized","service":"vyapar-mitra-api","version":"1.0.0","uploadDir":"./uploads","thumbnailDir":"uploads\\thumbnails"}
{"timestamp":"2026-01-26 23:14:16","level":"info","message":"Image storage directories initialized","service":"vyapar-mitra-api","version":"1.0.0","uploadDir":"./uploads","thumbnailDir":"uploads\\thumbnails"}
{"timestamp":"2026-01-26 23:14:16","level":"info","message":"Image storage directories initialized","service":"vyapar-mitra-api","version":"1.0.0","uploadDir":"./uploads","thumbnailDir":"uploads\\thumbnails"}
{"timestamp":"2026-01-26 23:14:16","level":"info","message":"Image storage directories initialized","service":"vyapar-mitra-api","version":"1.0.0","uploadDir":"./uploads","thumbnailDir":"uploads\\thumbnails"}
{"timestamp":"2026-01-26 23:15:54","level":"info","message":"Image storage directories initialized","service":"vyapar-mitra-api","version":"1.0.0","uploadDir":"./uploads","thumbnailDir":"uploads\\thumbnails"}
{"timestamp":"2026-01-26 23:15:54","level":"info","message":"Image storage directories initialized","service":"vyapar-mitra-api","version":"1.0.0","uploadDir":"./uploads","thumbnailDir":"uploads\\thumbnails"}
{"timestamp":"2026-01-26 23:15:54","level":"info","message":"Image storage directories initialized","service":"vyapar-mitra-api","version":"1.0.0","uploadDir":"./uploads","thumbnailDir":"uploads\\thumbnails"}
{"timestamp":"2026-01-26 23:15:54","level":"info","message":"Image storage directories initialized","service":"vyapar-mitra-api","version":"1.0.0","uploadDir":"./uploads","thumbnailDir":"uploads\\thumbnails"}
{"timestamp":"2026-01-26 23:15:54","level":"info","message":"Image storage directories initialized","service":"vyapar-mitra-api","version":"1.0.0","uploadDir":"./uploads","thumbnailDir":"uploads\\thumbnails"}
{"timestamp":"2026-01-26 23:15:54","level":"info","message":"Image storage directories initialized","service":"vyapar-mitra-api","version":"1.0.0","uploadDir":"./uploads","thumbnailDir":"uploads\\thumbnails"}
{"timestamp":"2026-01-26 23:16:09","level":"info","message":"Image storage directories initialized","service":"vyapar-mitra-api","version":"1.0.0","uploadDir":"./uploads","thumbnailDir":"uploads\\thumbnails"}
{"timestamp":"2026-01-26 23:16:09","level":"info","message":"Image storage directories initialized","service":"vyapar-mitra-api","version":"1.0.0","uploadDir":"./uploads","thumbnailDir":"uploads\\thumbnails"}
{"timestamp":"2026-01-26 23:16:09","level":"info","message":"Image storage directories initialized","service":"vyapar-mitra-api","version":"1.0.0","uploadDir":"./uploads","thumbnailDir":"uploads\\thumbnails"}
{"timestamp":"2026-01-26 23:16:09","level":"info","message":"Image storage directories initialized","service":"vyapar-mitra-api","version":"1.0.0","uploadDir":"./uploads","thumbnailDir":"uploads\\thumbnails"}
{"timestamp":"2026-01-26 23:16:09","level":"info","message":"Image storage directories initialized","service":"vyapar-mitra-api","version":"1.0.0","uploadDir":"./uploads","thumbnailDir":"uploads\\thumbnails"}
{"timestamp":"2026-01-26 23:16:09","level":"info","message":"Image storage directories initialized","service":"vyapar-mitra-api","version":"1.0.0","uploadDir":"./uploads","thumbnailDir":"uploads\\thumbnails"}
{"timestamp":"2026-01-26 23:16:24","level":"info","message":"Image storage directories initialized","service":"vyapar-mitra-api","version":"1.0.0","uploadDir":"./uploads","thumbnailDir":"uploads\\thumbnails"}
{"timestamp":"2026-01-26 23:16:24","level":"info","message":"Image storage directories initialized","service":"vyapar-mitra-api","version":"1.0.0","uploadDir":"./uploads","thumbnailDir":"uploads\\thumbnails"}
{"timestamp":"2026-01-26 23:16:24","level":"info","message":"Image storage directories initialized","service":"vyapar-mitra-api","version":"1.0.0","uploadDir":"./uploads","thumbnailDir":"uploads\\thumbnails"}
{"timestamp":"2026-01-26 23:16:24","level":"info","message":"Image storage directories initialized","service":"vyapar-mitra-api","version":"1.0.0","uploadDir":"./uploads","thumbnailDir":"uploads\\thumbnails"}
{"timestamp":"2026-01-26 23:16:24","level":"info","message":"Image storage directories initialized","service":"vyapar-mitra-api","version":"1.0.0","uploadDir":"./uploads","thumbnailDir":"uploads\\thumbnails"}
{"timestamp":"2026-01-26 23:16:24","level":"info","message":"Image storage directories initialized","service":"vyapar-mitra-api","version":"1.0.0","uploadDir":"./uploads","thumbnailDir":"uploads\\thumbnails"}
{"timestamp":"2026-01-26 23:21:45","level":"info","message":"Image storage directories initialized","service":"vyapar-mitra-api","version":"1.0.0","uploadDir":"./uploads","thumbnailDir":"uploads\\thumbnails"}
{"timestamp":"2026-01-26 23:21:45","level":"info","message":"Image storage directories initialized","service":"vyapar-mitra-api","version":"1.0.0","uploadDir":"./uploads","thumbnailDir":"uploads\\thumbnails"}
{"timestamp":"2026-01-26 23:21:45","level":"info","message":"Image storage directories initialized","service":"vyapar-mitra-api","version":"1.0.0","uploadDir":"./uploads","thumbnailDir":"uploads\\thumbnails"}
{"timestamp":"2026-01-26 23:21:45","level":"info","message":"Image storage directories initialized","service":"vyapar-mitra-api","version":"1.0.0","uploadDir":"./uploads","thumbnailDir":"uploads\\thumbnails"}
{"timestamp":"2026-01-26 23:21:45","level":"info","message":"Image storage directories initialized","service":"vyapar-mitra-api","version":"1.0.0","uploadDir":"./uploads","thumbnailDir":"uploads\\thumbnails"}
{"timestamp":"2026-01-26 23:21:45","level":"info","message":"Image storage directories initialized","service":"vyapar-mitra-api","version":"1.0.0","uploadDir":"./uploads","thumbnailDir":"uploads\\thumbnails"}
{"timestamp":"2026-01-26 23:21:54","level":"info","message":"Image storage directories initialized","service":"vyapar-mitra-api","version":"1.0.0","uploadDir":"./uploads","thumbnailDir":"uploads\\thumbnails"}
{"timestamp":"2026-01-26 23:21:54","level":"info","message":"Image storage directories initialized","service":"vyapar-mitra-api","version":"1.0.0","uploadDir":"./uploads","thumbnailDir":"uploads\\thumbnails"}
{"timestamp":"2026-01-26 23:21:54","level":"info","message":"Image storage directories initialized","service":"vyapar-mitra-api","version":"1.0.0","uploadDir":"./uploads","thumbnailDir":"uploads\\thumbnails"}
{"timestamp":"2026-01-26 23:21:54","level":"info","message":"Image storage directories initialized","service":"vyapar-mitra-api","version":"1.0.0","uploadDir":"./uploads","thumbnailDir":"uploads\\thumbnails"}
{"timestamp":"2026-01-26 23:21:54","level":"info","message":"Image storage directories initialized","service":"vyapar-mitra-api","version":"1.0.0","uploadDir":"./uploads","thumbnailDir":"uploads\\thumbnails"}
{"timestamp":"2026-01-26 23:21:54","level":"info","message":"Image storage directories initialized","service":"vyapar-mitra-api","version":"1.0.0","uploadDir":"./uploads","thumbnailDir":"uploads\\thumbnails"}
{"timestamp":"2026-01-26 23:22:03","level":"info","message":"Image storage directories initialized","service":"vyapar-mitra-api","version":"1.0.0","uploadDir":"./uploads","thumbnailDir":"uploads\\thumbnails"}
{"timestamp":"2026-01-26 23:22:03","level":"info","message":"Image storage directories initialized","service":"vyapar-mitra-api","version":"1.0.0","uploadDir":"./uploads","thumbnailDir":"uploads\\thumbnails"}
{"timestamp":"2026-01-26 23:22:03","level":"info","message":"Image storage directories initialized","service":"vyapar-mitra-api","version":"1.0.0","uploadDir":"./uploads","thumbnailDir":"uploads\\thumbnails"}
{"timestamp":"2026-01-26 23:22:03","level":"info","message":"Image storage directories initialized","service":"vyapar-mitra-api","version":"1.0.0","uploadDir":"./uploads","thumbnailDir":"uploads\\thumbnails"}
{"timestamp":"2026-01-26 23:22:04","level":"info","message":"Image storage directories initialized","service":"vyapar-mitra-api","version":"1.0.0","uploadDir":"./uploads","thumbnailDir":"uploads\\thumbnails"}
{"timestamp":"2026-01-26 23:22:04","level":"info","message":"Image storage directories initialized","service":"vyapar-mitra-api","version":"1.0.0","uploadDir":"./uploads","thumbnailDir":"uploads\\thumbnails"}
{"timestamp":"2026-01-26 23:22:14","level":"info","message":"Image storage directories initialized","service":"vyapar-mitra-api","version":"1.0.0","uploadDir":"./uploads","thumbnailDir":"uploads\\thumbnails"}
{"timestamp":"2026-01-26 23:22:14","level":"info","message":"Image storage directories initialized","service":"vyapar-mitra-api","version":"1.0.0","uploadDir":"./uploads","thumbnailDir":"uploads\\thumbnails"}
{"timestamp":"2026-01-26 23:22:14","level":"info","message":"Image storage directories initialized","service":"vyapar-mitra-api","version":"1.0.0","uploadDir":"./uploads","thumbnailDir":"uploads\\thumbnails"}
{"timestamp":"2026-01-26 23:22:14","level":"info","message":"Image storage directories initialized","service":"vyapar-mitra-api","version":"1.0.0","uploadDir":"./uploads","thumbnailDir":"uploads\\thumbnails"}
{"timestamp":"2026-01-26 23:22:14","level":"info","message":"Image storage directories initialized","service":"vyapar-mitra-api","version":"1.0.0","uploadDir":"./uploads","thumbnailDir":"uploads\\thumbnails"}
{"timestamp":"2026-01-26 23:22:14","level":"info","message":"Image storage directories initialized","service":"vyapar-mitra-api","version":"1.0.0","uploadDir":"./uploads","thumbnailDir":"uploads\\thumbnails"}
{"timestamp":"2026-01-26 23:22:37","level":"info","message":"Image storage directories initialized","service":"vyapar-mitra-api","version":"1.0.0","uploadDir":"./uploads","thumbnailDir":"uploads\\thumbnails"}
{"timestamp":"2026-01-26 23:22:37","level":"info","message":"Image storage directories initialized","service":"vyapar-mitra-api","version":"1.0.0","uploadDir":"./uploads","thumbnailDir":"uploads\\thumbnails"}
{"timestamp":"2026-01-26 23:22:38","level":"info","message":"Image storage directories initialized","service":"vyapar-mitra-api","version":"1.0.0","uploadDir":"./uploads","thumbnailDir":"uploads\\thumbnails"}
{"timestamp":"2026-01-26 23:22:38","level":"info","message":"Image storage directories initialized","service":"vyapar-mitra-api","version":"1.0.0","uploadDir":"./uploads","thumbnailDir":"uploads\\thumbnails"}
{"timestamp":"2026-01-26 23:22:38","level":"info","message":"Image storage directories initialized","service":"vyapar-mitra-api","version":"1.0.0","uploadDir":"./uploads","thumbnailDir":"uploads\\thumbnails"}
{"timestamp":"2026-01-26 23:22:38","level":"info","message":"Image storage directories initialized","service":"vyapar-mitra-api","version":"1.0.0","uploadDir":"./uploads","thumbnailDir":"uploads\\thumbnails"}
{"timestamp":"2026-01-26 23:22:54","level":"info","message":"Image storage directories initialized","service":"vyapar-mitra-api","version":"1.0.0","uploadDir":"./uploads","thumbnailDir":"uploads\\thumbnails"}
{"timestamp":"2026-01-26 23:22:55","level":"info","message":"Image storage directories initialized","service":"vyapar-mitra-api","version":"1.0.0","uploadDir":"./uploads","thumbnailDir":"uploads\\thumbnails"}
{"timestamp":"2026-01-26 23:22:55","level":"info","message":"Image storage directories initialized","service":"vyapar-mitra-api","version":"1.0.0","uploadDir":"./uploads","thumbnailDir":"uploads\\thumbnails"}
{"timestamp":"2026-01-26 23:22:55","level":"info","message":"Image storage directories initialized","service":"vyapar-mitra-api","version":"1.0.0","uploadDir":"./uploads","thumbnailDir":"uploads\\thumbnails"}
{"timestamp":"2026-01-26 23:22:55","level":"info","message":"Image storage directories initialized","service":"vyapar-mitra-api","version":"1.0.0","uploadDir":"./uploads","thumbnailDir":"uploads\\thumbnails"}
{"timestamp":"2026-01-26 23:22:55","level":"info","message":"Image storage directories initialized","service":"vyapar-mitra-api","version":"1.0.0","uploadDir":"./uploads","thumbnailDir":"uploads\\thumbnails"}
{"timestamp":"2026-01-26 23:23:15","level":"info","message":"Image storage directories initialized","service":"vyapar-mitra-api","version":"1.0.0","uploadDir":"./uploads","thumbnailDir":"uploads\\thumbnails"}
{"timestamp":"2026-01-26 23:23:15","level":"info","message":"Image storage directories initialized","service":"vyapar-mitra-api","version":"1.0.0","uploadDir":"./uploads","thumbnailDir":"uploads\\thumbnails"}
{"timestamp":"2026-01-26 23:23:15","level":"info","message":"Image storage directories initialized","service":"vyapar-mitra-api","version":"1.0.0","uploadDir":"./uploads","thumbnailDir":"uploads\\thumbnails"}
{"timestamp":"2026-01-26 23:23:15","level":"info","message":"Image storage directories initialized","service":"vyapar-mitra-api","version":"1.0.0","uploadDir":"./uploads","thumbnailDir":"uploads\\thumbnails"}
{"timestamp":"2026-01-26 23:23:15","level":"info","message":"Image storage directories initialized","service":"vyapar-mitra-api","version":"1.0.0","uploadDir":"./uploads","thumbnailDir":"uploads\\thumbnails"}
{"timestamp":"2026-01-26 23:23:16","level":"info","message":"Image storage directories initialized","service":"vyapar-mitra-api","version":"1.0.0","uploadDir":"./uploads","thumbnailDir":"uploads\\thumbnails"}
{"timestamp":"2026-01-26 23:24:53","level":"info","message":"Image storage directories initialized","service":"vyapar-mitra-api","version":"1.0.0","uploadDir":"./uploads","thumbnailDir":"uploads\\thumbnails"}
{"timestamp":"2026-01-26 23:24:54","level":"info","message":"Image storage directories initialized","service":"vyapar-mitra-api","version":"1.0.0","uploadDir":"./uploads","thumbnailDir":"uploads\\thumbnails"}
{"timestamp":"2026-01-26 23:24:54","level":"info","message":"Image storage directories initialized","service":"vyapar-mitra-api","version":"1.0.0","uploadDir":"./uploads","thumbnailDir":"uploads\\thumbnails"}
{"timestamp":"2026-01-26 23:24:54","level":"info","message":"Image storage directories initialized","service":"vyapar-mitra-api","version":"1.0.0","uploadDir":"./uploads","thumbnailDir":"uploads\\thumbnails"}
{"timestamp":"2026-01-26 23:24:54","level":"info","message":"Image storage directories initialized","service":"vyapar-mitra-api","version":"1.0.0","uploadDir":"./uploads","thumbnailDir":"uploads\\thumbnails"}
{"timestamp":"2026-01-26 23:24:54","level":"info","message":"Image storage directories initialized","service":"vyapar-mitra-api","version":"1.0.0","uploadDir":"./uploads","thumbnailDir":"uploads\\thumbnails"}
